<?xml version="1.0" encoding="UTF-8"?>
<testsuite name="HelloWorldTest" tests="1" skipped="0" failures="0" errors="0" timestamp="2022-01-03T21:44:38" hostname="ni-57550-0.uolcorp.intranet" time="0.02">
  <properties/>
  <testcase name="helloWorldTest" classname="HelloWorldTest" time="0.02"/>
  <system-out><![CDATA[]]></system-out>
  <system-err><![CDATA[]]></system-err>
</testsuite>
