<?xml version="1.0" encoding="UTF-8"?>
<testsuite name="DnaTest" tests="5" skipped="0" failures="0" errors="0" timestamp="2022-03-08T00:29:40" hostname="CTNAPPLE3EFML7J.local" time="0.035">
  <properties/>
  <testcase name="validatesNucleotides" classname="DnaTest" time="0.007"/>
  <testcase name="canCountMultipleNucleotides" classname="DnaTest" time="0.027"/>
  <testcase name="canCountOneNucleotideInSingleCharacterInput" classname="DnaTest" time="0.0"/>
  <testcase name="emptyDnaStringHasNoNucleotides" classname="DnaTest" time="0.001"/>
  <testcase name="canCountRepeatedNucleotide" classname="DnaTest" time="0.0"/>
  <system-out><![CDATA[]]></system-out>
  <system-err><![CDATA[]]></system-err>
</testsuite>
