<?xml version="1.0" encoding="UTF-8"?>
<testsuite name="DequeTest" tests="5" skipped="0" failures="0" errors="0" timestamp="2022-02-01T02:48:57" hostname="ni-57550-0.uolcorp.intranet" time="0.022">
  <properties/>
  <testcase name="example" classname="DequeTest" time="0.021"/>
  <testcase name="pushShift" classname="DequeTest" time="0.0"/>
  <testcase name="unshiftShift" classname="DequeTest" time="0.0"/>
  <testcase name="pushPop" classname="DequeTest" time="0.0"/>
  <testcase name="unshiftPop" classname="DequeTest" time="0.0"/>
  <system-out><![CDATA[]]></system-out>
  <system-err><![CDATA[]]></system-err>
</testsuite>
