<?xml version="1.0" encoding="UTF-8"?>
<testsuite name="TriangleTest" tests="19" skipped="0" failures="0" errors="0" timestamp="2022-01-14T00:23:54" hostname="ni-57550-0.uolcorp.intranet" time="0.033">
  <properties/>
  <testcase name="scalene - may not violate triangle inequality" classname="TriangleTest" time="0.005"/>
  <testcase name="triangle inequality violation - last is greater then sum of others " classname="TriangleTest" time="0.0"/>
  <testcase name="isosceles - no sides are equal" classname="TriangleTest" time="0.019"/>
  <testcase name="scalene - two sides are equal" classname="TriangleTest" time="0.001"/>
  <testcase name="isosceles - first two sides are equal" classname="TriangleTest" time="0.001"/>
  <testcase name="equilateral - any side is unequal" classname="TriangleTest" time="0.0"/>
  <testcase name="equilateral - all sides are equal" classname="TriangleTest" time="0.001"/>
  <testcase name="isosceles - sides may be floats" classname="TriangleTest" time="0.0"/>
  <testcase name="isosceles - first and last sides are equal" classname="TriangleTest" time="0.001"/>
  <testcase name="scalene - no sides are equal" classname="TriangleTest" time="0.0"/>
  <testcase name="isosceles - last two sides are equal" classname="TriangleTest" time="0.0"/>
  <testcase name="scalene - all sides are equal" classname="TriangleTest" time="0.001"/>
  <testcase name="equilateral - sides may be floats" classname="TriangleTest" time="0.0"/>
  <testcase name="equilateral - all zero sides is not a triangle" classname="TriangleTest" time="0.0"/>
  <testcase name="triangle inequality violation - first is greater then sum of others " classname="TriangleTest" time="0.0"/>
  <testcase name="triangle inequality violation - second is greater then sum of others " classname="TriangleTest" time="0.002"/>
  <testcase name="equilateral - no sides are equal" classname="TriangleTest" time="0.0"/>
  <testcase name="scalene - sides may be floats" classname="TriangleTest" time="0.001"/>
  <testcase name="isosceles - equilateral triangles are also isosceles" classname="TriangleTest" time="0.0"/>
  <system-out><![CDATA[]]></system-out>
  <system-err><![CDATA[]]></system-err>
</testsuite>
