<?xml version="1.0" encoding="UTF-8"?>
<testsuite name="AllergiesTest" tests="1" skipped="0" failures="0" errors="0" timestamp="2022-04-25T23:35:41" hostname="CTNAPPLE3EFML7J.local" time="0.022">
  <properties/>
  <testcase name="eggs - allergic only to eggs" classname="AllergiesTest" time="0.022"/>
  <system-out><![CDATA[]]></system-out>
  <system-err><![CDATA[]]></system-err>
</testsuite>
