<?xml version="1.0" encoding="UTF-8"?>
<testsuite name="ResistorColorTest" tests="4" skipped="0" failures="0" errors="0" timestamp="2022-02-10T22:56:53" hostname="CTNAPPLE3EFML7J.local" time="0.031">
  <properties/>
  <testcase name="testWhiteColorCode" classname="ResistorColorTest" time="0.03"/>
  <testcase name="testColors" classname="ResistorColorTest" time="0.0"/>
  <testcase name="testBlackColorCode" classname="ResistorColorTest" time="0.0"/>
  <testcase name="testOrangeColorCode" classname="ResistorColorTest" time="0.0"/>
  <system-out><![CDATA[]]></system-out>
  <system-err><![CDATA[]]></system-err>
</testsuite>
